{"name":"test001_login","status":"skipped","statusDetails":{"known":false,"muted":false,"flaky":false,"message":"页面中不包含【密码错误】","trace":"java.lang.AssertionError: 页面中不包含【密码错误】\r\n\tat org.testng.Assert.fail(Assert.java:85)\r\n\tat com.crazy.auto.test.Assertion.assertContainsText(Assertion.java:43)\r\n\tat com.mtx.autotest05.MtxLoginTest.test001_login(MtxLoginTest.java:32)\r\n\tat sun.reflect.NativeMethodAccessorImpl.invoke0(Native Method)\r\n\tat sun.reflect.NativeMethodAccessorImpl.invoke(NativeMethodAccessorImpl.java:62)\r\n\tat sun.reflect.DelegatingMethodAccessorImpl.invoke(DelegatingMethodAccessorImpl.java:43)\r\n\tat java.lang.reflect.Method.invoke(Method.java:498)\r\n\tat org.testng.internal.MethodInvocationHelper.invokeMethod(MethodInvocationHelper.java:124)\r\n\tat org.testng.internal.Invoker.invokeMethod(Invoker.java:580)\r\n\tat org.testng.internal.Invoker.invokeTestMethod(Invoker.java:716)\r\n\tat org.testng.internal.Invoker.invokeTestMethods(Invoker.java:988)\r\n\tat org.testng.internal.TestMethodWorker.invokeTestMethods(TestMethodWorker.java:125)\r\n\tat org.testng.internal.TestMethodWorker.run(TestMethodWorker.java:109)\r\n\tat org.testng.TestRunner.privateRun(TestRunner.java:648)\r\n\tat org.testng.TestRunner.run(TestRunner.java:505)\r\n\tat org.testng.SuiteRunner.runTest(SuiteRunner.java:455)\r\n\tat org.testng.SuiteRunner.runSequentially(SuiteRunner.java:450)\r\n\tat org.testng.SuiteRunner.privateRun(SuiteRunner.java:415)\r\n\tat org.testng.SuiteRunner.run(SuiteRunner.java:364)\r\n\tat org.testng.SuiteRunnerWorker.runSuite(SuiteRunnerWorker.java:52)\r\n\tat org.testng.SuiteRunnerWorker.run(SuiteRunnerWorker.java:84)\r\n\tat org.testng.TestNG.runSuitesSequentially(TestNG.java:1208)\r\n\tat org.testng.TestNG.runSuitesLocally(TestNG.java:1137)\r\n\tat org.testng.TestNG.runSuites(TestNG.java:1049)\r\n\tat org.testng.TestNG.run(TestNG.java:1017)\r\n\tat org.testng.remote.AbstractRemoteTestNG.run(AbstractRemoteTestNG.java:115)\r\n\tat org.testng.remote.RemoteTestNG.initAndRun(RemoteTestNG.java:251)\r\n\tat org.testng.remote.RemoteTestNG.main(RemoteTestNG.java:77)\r\nCaused by: org.openqa.selenium.TimeoutException: Expected condition failed: waiting for com.crazy.auto.test.Assertion$1@4159e81b (tried for 10 second(s) with 500 milliseconds interval)\nBuild info: version: '3.141.59', revision: 'e82be7d358', time: '2018-11-14T08:17:03'\nSystem info: host: 'LAPTOP-BGS5S7GJ', ip: '192.168.99.1', os.name: 'Windows 10', os.arch: 'amd64', os.version: '10.0', java.version: '1.8.0_121'\nDriver info: org.openqa.selenium.chrome.ChromeDriver\nCapabilities {acceptInsecureCerts: false, browserName: chrome, browserVersion: 77.0.3865.90, chrome: {chromedriverVersion: 76.0.3809.12 (220b19a666554..., userDataDir: C:\\Users\\lixio\\AppData\\Loca...}, goog:chromeOptions: {debuggerAddress: localhost:62008}, javascriptEnabled: true, networkConnectionEnabled: false, pageLoadStrategy: normal, platform: XP, platformName: XP, proxy: Proxy(), setWindowRect: true, strictFileInteractability: false, timeouts: {implicit: 0, pageLoad: 300000, script: 30000}, unhandledPromptBehavior: dismiss and notify}\nSession ID: 9a64de3596c5b67b46ec526ef7495312\r\n\tat org.openqa.selenium.support.ui.WebDriverWait.timeoutException(WebDriverWait.java:95)\r\n\tat org.openqa.selenium.support.ui.FluentWait.until(FluentWait.java:272)\r\n\tat com.crazy.auto.test.Assertion.assertContainsText(Assertion.java:31)\r\n\t... 26 more\r\n"},"stage":"finished","steps":[],"attachments":[],"parameters":[{"name":"arg3","value":"密码错误"},{"name":"arg2","value":"123456"},{"name":"arg1","value":"shamotest1"},{"name":"arg0","value":"密码错误"}],"start":1590069276954,"stop":1590069287999,"uuid":"22ff1bab-ae0f-4223-a79f-1f82a0f3d428","historyId":"8bfd47b147e309246d643e250cac579c","fullName":"com.mtx.autotest05.MtxLoginTest.test001_login","labels":[{"name":"package","value":"com.mtx.autotest05.MtxLoginTest"},{"name":"testClass","value":"com.mtx.autotest05.MtxLoginTest"},{"name":"testMethod","value":"test001_login"},{"name":"parentSuite","value":"Suite"},{"name":"suite","value":"mtx商城"},{"name":"subSuite","value":"com.mtx.autotest05.MtxLoginTest"},{"name":"host","value":"LAPTOP-BGS5S7GJ"},{"name":"thread","value":"25212@LAPTOP-BGS5S7GJ.main(1)"},{"name":"framework","value":"testng"},{"name":"language","value":"java"}],"links":[]}